2023-01-19 14:14:06 INFO  QuestionOperationsMenu:24 - 
!!!!!!!!!!!!!!!Question Operation Menu!!!!!!!!!!!!!!!
2023-01-19 14:15:48 INFO  QuestionOperationsMenu:24 - 
!!!!!!!!!!!!!!!Question Operation Menu!!!!!!!!!!!!!!!
2023-01-19 15:03:11 INFO  QuestionOperationsMenu:24 - 
!!!!!!!!!!!!!!!Question Operation Menu!!!!!!!!!!!!!!!
2023-01-19 15:03:33 INFO  QuestionOperationsMenu:24 - 

!!!!!!!!!!!!!!!Question Operation Menu!!!!!!!!!!!!!!!
2023-01-19 15:04:34 INFO  QuestionOperationsMenu:24 - 

!!!!!!!!!!!!!!!Question Operation Menu!!!!!!!!!!!!!!!
2023-01-19 15:28:55 INFO  QuestionOperationsMenu:24 - 

!!!!!!!!!!!!!!!Question Operation Menu!!!!!!!!!!!!!!!
2023-01-19 15:30:16 INFO  QuestionOperationsMenu:24 - 

!!!!!!!!!!!!!!!Question Operation Menu!!!!!!!!!!!!!!!
2023-01-19 15:30:31 INFO  QuestionOperationsMenu:39 - 
!!!!!!!!!!!!!Question Menu Page!!!!!!!!!!!

Press 1 to continue to go back to menu
Press 0 to exit this page
Enter your choice here:
2023-01-19 15:31:00 INFO  QuestionOperationsMenu:24 - 

!!!!!!!!!!!!!!!Question Operation Menu!!!!!!!!!!!!!!!
2023-01-19 15:31:07 INFO  QuestionOperationsMenu:39 - 
!!!!!!!!!!!!!Question Menu Page!!!!!!!!!!!

Press 1 to continue to go back to menu
Press 0 to exit this page
Enter your choice here:
2023-01-19 15:35:12 INFO  QuestionOperationsMenu:24 - 

!!!!!!!!!!!!!!!Question Operation Menu!!!!!!!!!!!!!!!
2023-01-19 15:36:53 INFO  QuestionOperationsMenu:39 - 
!!!!!!!!!!!!!Question Menu Page!!!!!!!!!!!

Press 1 to continue to go back to menu
Press 0 to exit this page
Enter your choice here:
2023-01-19 15:37:05 INFO  QuestionOperationsMenu:24 - 

!!!!!!!!!!!!!!!Question Operation Menu!!!!!!!!!!!!!!!
2023-01-19 15:37:11 INFO  QuestionOperationsMenu:39 - 
!!!!!!!!!!!!!Question Menu Page!!!!!!!!!!!

Press 1 to continue to go back to menu
Press 0 to exit this page
Enter your choice here:
2023-01-19 15:50:09 INFO  QuestionOperationsMenu:24 - 

!!!!!!!!!!!!!!!Question Operation Menu!!!!!!!!!!!!!!!
2023-01-19 16:03:03 INFO  QuestionOperationsMenu:24 - 

!!!!!!!!!!!!!!!Question Operation Menu!!!!!!!!!!!!!!!
2023-01-19 16:03:52 INFO  QuestionOperationsMenu:39 - 
!!!!!!!!!!!!!Question Menu Page!!!!!!!!!!!

Press 1 to continue to go back to menu
Press 0 to exit this page
Enter your choice here:
2023-01-19 16:05:22 INFO  QuestionOperationsMenu:24 - 

!!!!!!!!!!!!!!!Question Operation Menu!!!!!!!!!!!!!!!
2023-01-19 16:11:07 INFO  QuestionOperationsMenu:24 - 

!!!!!!!!!!!!!!!Question Operation Menu!!!!!!!!!!!!!!!
2023-01-19 16:12:49 INFO  QuestionOperationsMenu:24 - 

!!!!!!!!!!!!!!!Question Operation Menu!!!!!!!!!!!!!!!
2023-01-19 16:12:49 INFO  QuestionOperationsMenu:25 - 1.Add Questions
2.Display Questions
Enter you choice here:
2023-01-19 16:16:08 INFO  QuestionOperationsMenu:24 - 

!!!!!!!!!!!!!!!Question Operation Menu!!!!!!!!!!!!!!!
2023-01-19 16:16:08 INFO  QuestionOperationsMenu:25 - 1.Add Questions
2.Display Questions
Enter you choice here:
2023-01-19 16:26:30 INFO  QuestionOperationsMenu:24 - 

!!!!!!!!!!!!!!!???????? ?????????  ????!!!!!!!!!!!!!!!
2023-01-19 16:26:30 INFO  QuestionOperationsMenu:25 - 1.Add Questions
2.Display Questions
Enter you choice here:
2023-01-19 16:27:06 INFO  QuestionOperationsMenu:24 - 

!!!!!!!!!!!!!!!Question Operation Menu!!!!!!!!!!!!!!!
2023-01-19 16:27:06 INFO  QuestionOperationsMenu:25 - 1.Add Questions
2.Display Questions
Enter you choice here:
2023-01-19 16:27:23 INFO  QuestionOperationsMenu:24 - 

!!!!!!!!!!!!!!!Question Operation Menu!!!!!!!!!!!!!!!
2023-01-19 16:27:23 INFO  QuestionOperationsMenu:25 - 1.Add Questions
2.Display Questions
Enter you choice here:
2023-01-19 16:29:33 INFO  QuestionOperationsMenu:24 - 

!!!!!!!!!!!!!!!Question Operation Menu!!!!!!!!!!!!!!!
2023-01-19 16:29:33 INFO  QuestionOperationsMenu:25 - 1.Add Questions
2.Display Questions
Enter you choice here:
2023-01-19 16:30:16 INFO  QuestionOperationsMenu:24 - 

!!!!!!!!!!!!!!!Question Operation Menu!!!!!!!!!!!!!!!
2023-01-19 16:30:16 INFO  QuestionOperationsMenu:25 - 1.Add Questions
2.Display Questions
Enter you choice here:
2023-01-19 16:31:06 INFO  QuestionOperationsMenu:24 - 

!!!!!!!!!!!!!!!Question Operation Menu!!!!!!!!!!!!!!!
2023-01-19 16:31:06 INFO  QuestionOperationsMenu:25 - 1.Add Questions
2.Display Questions
Enter you choice here:
2023-01-19 16:31:37 INFO  QuestionOperationsMenu:24 - 

!!!!!!!!!!!!!!!Question Operation Menu!!!!!!!!!!!!!!!
2023-01-19 16:31:37 INFO  QuestionOperationsMenu:25 - 1.Add Questions
2.Display Questions
Enter you choice here:
2023-01-19 16:56:32 INFO  QuestionOperationsMenu:24 - 

!!!!!!!!!!!!!!!Question Operation Menu!!!!!!!!!!!!!!!
2023-01-19 16:56:32 INFO  QuestionOperationsMenu:25 - 1.Add Questions
2.Display Questions
Enter you choice here:
2023-01-19 16:57:56 INFO  QuestionOperationsMenu:24 - 

!!!!!!!!!!!!!!!Question Operation Menu!!!!!!!!!!!!!!!
2023-01-19 16:57:56 INFO  QuestionOperationsMenu:25 - 1.Add Questions
2.Display Questions
Enter you choice here:
2023-01-19 16:58:24 INFO  QuestionOperationsMenu:39 - 
!!!!!!!!!!!!!Question Menu Page!!!!!!!!!!!

Press 1 to continue to go back to menu
Press 0 to exit this page
Enter your choice here:
2023-01-19 16:59:59 INFO  QuestionOperationsMenu:24 - 

!!!!!!!!!!!!!!!Question Operation Menu!!!!!!!!!!!!!!!
2023-01-19 16:59:59 INFO  QuestionOperationsMenu:25 - 1.Add Questions
2.Display Questions
Enter you choice here:
2023-01-19 17:11:08 INFO  QuestionOperationsMenu:25 - 

!!!!!!!!!!!!!!!Question Operation Menu!!!!!!!!!!!!!!!
2023-01-19 17:11:08 INFO  QuestionOperationsMenu:26 - 1.Add Questions
2.Display Questions
Enter you choice here:
2023-01-19 17:12:55 INFO  QuestionOperationsMenu:25 - 

!!!!!!!!!!!!!!!Question Operation Menu!!!!!!!!!!!!!!!
2023-01-19 17:12:55 INFO  QuestionOperationsMenu:26 - 1.Add Questions
2.Display Questions
Enter you choice here:
2023-01-19 17:13:12 INFO  QuestionOperationsMenu:40 - 
!!!!!!!!!!!!!Question Menu Page!!!!!!!!!!!

Press 1 to continue to go back to menu
Press 0 to exit this page
Enter your choice here:
2023-01-19 17:33:48 INFO  QuestionOperationsMenu:25 - 

!!!!!!!!!!!!!!!Question Operation Menu!!!!!!!!!!!!!!!
2023-01-19 17:33:48 INFO  QuestionOperationsMenu:26 -            1.Add Questions
2.Display Questions
Enter you choice here:
2023-01-19 17:34:36 INFO  QuestionOperationsMenu:25 -            

!!!!!!!!!!!!!!!Question Operation Menu!!!!!!!!!!!!!!!
2023-01-19 17:34:36 INFO  QuestionOperationsMenu:26 -            1.Add Questions
2.Display Questions
Enter you choice here:
2023-01-19 17:35:20 INFO  QuestionOperationsMenu:25 -  

!!!!!!!!!!!!!!!Question Operation Menu!!!!!!!!!!!!!!!
2023-01-19 17:35:20 INFO  QuestionOperationsMenu:26 -  1.Add Questions
2.Display Questions
Enter you choice here:
2023-01-19 17:37:11 INFO  QuestionOperationsMenu:25 -  

!!!!!!!!!!!!!!!Question Operation Menu!!!!!!!!!!!!!!!
2023-01-19 17:37:11 INFO  QuestionOperationsMenu:26 -  1.Add Questions
2.Display Questions
Enter you choice here:
2023-01-19 17:38:23 INFO  QuestionOperationsMenu:25 -  

!!!!!!!!!!!!!!!Welcome to Question Operation Menu!!!!!!!!!!!!!!!
2023-01-19 17:38:23 INFO  QuestionOperationsMenu:26 -  1.Add Questions
2.Display Questions
Enter you choice here:
2023-01-19 17:39:56 INFO  QuestionOperationsMenu:25 -  

!!!!!!!!!!!!!!!Welcome to Question Operation Menu!!!!!!!!!!!!!!!
2023-01-19 17:39:56 INFO  QuestionOperationsMenu:26 -  1.Add Questions
2.Display Questions
Enter you choice here:
2023-01-19 17:41:22 INFO  QuestionOperationsMenu:25 -  

!!!!!!!!!!!!!!!Welcome to Question Operation Menu!!!!!!!!!!!!!!!
2023-01-19 17:41:22 INFO  QuestionOperationsMenu:26 -  1.Add Questions
2.Display Questions
Enter you choice here:
2023-01-19 17:49:50 INFO  QuestionOperationsMenu:29 -  

!!!!!!!!!!!!!!!Welcome to Question Operation Menu!!!!!!!!!!!!!!!
2023-01-19 17:49:50 INFO  QuestionOperationsMenu:30 -  1.Add Questions
2.Display Questions
Enter you choice here:
2023-01-19 17:49:59 INFO  QuestionOperationsMenu:29 -  

!!!!!!!!!!!!!!!Welcome to Question Operation Menu!!!!!!!!!!!!!!!
2023-01-19 17:49:59 INFO  QuestionOperationsMenu:30 -  1.Add Questions
2.Display Questions
Enter you choice here:
2023-01-19 17:51:45 INFO  QuestionOperationsMenu:30 -  

!!!!!!!!!!!!!!!Welcome to Question Operation Menu!!!!!!!!!!!!!!!
2023-01-19 17:51:45 INFO  QuestionOperationsMenu:31 -  1.Add Questions
2.Display Questions
Enter you choice here:
2023-01-19 17:54:06 INFO  QuestionOperationsMenu:30 -  

!!!!!!!!!!!!!!!Welcome to Question Operation Menu!!!!!!!!!!!!!!!
2023-01-19 17:54:06 INFO  QuestionOperationsMenu:31 -  1.Add Questions
2.Display Questions
Enter you choice here:
2023-01-19 18:44:24 INFO  QuestionOperationsMenu:30 -  

!!!!!!!!!!!!!!!Welcome to Question Operation Menu!!!!!!!!!!!!!!!
2023-01-19 18:44:24 INFO  QuestionOperationsMenu:31 -  1.Add Questions
2.Display Questions
Enter you choice here:
2023-01-19 18:45:13 INFO  QuestionOperationsMenu:45 - 
!!!!!!!!!!!!!Question Menu Page!!!!!!!!!!!

Press 1 to continue to go back to menu
Press 0 to exit this page
Enter your choice here:
2023-01-19 18:45:18 INFO  QuestionOperationsMenu:30 -  

!!!!!!!!!!!!!!!Welcome to Question Operation Menu!!!!!!!!!!!!!!!
2023-01-19 18:45:18 INFO  QuestionOperationsMenu:31 -  1.Add Questions
2.Display Questions
Enter you choice here:
2023-01-19 18:45:20 INFO  QuestionOperationsMenu:45 - 
!!!!!!!!!!!!!Question Menu Page!!!!!!!!!!!

Press 1 to continue to go back to menu
Press 0 to exit this page
Enter your choice here:
